<?xml version="1.0" encoding="UTF-8"?>
<!-- Generated by org.testng.reporters.JUnitReportReporter -->
<testsuite skipped="0" hostname="Dell-New" name="Test.Parametrization" tests="10" failures="0" timestamp="2020-04-22T17:58:45 IST" time="55.181" errors="0">
  <testcase name="InitiateBrowser" time="8.036" classname="Test.Parametrization"/>
  <system-out/>
  <testcase name="InitiateBrowser" time="9.162" classname="Test.Parametrization"/>
  <system-out/>
  <testcase name="OpenAUT" time="3.452" classname="Test.Parametrization"/>
  <system-out/>
  <testcase name="OpenAUT" time="4.549" classname="Test.Parametrization"/>
  <system-out/>
  <testcase name="Login" time="6.158" classname="Test.Parametrization"/>
  <system-out/>
  <testcase name="Login" time="6.390" classname="Test.Parametrization"/>
  <system-out/>
  <testcase name="Logout" time="3.605" classname="Test.Parametrization"/>
  <system-out/>
  <testcase name="Logout" time="3.394" classname="Test.Parametrization"/>
  <system-out/>
  <testcase name="QuitTestCase" time="3.892" classname="Test.Parametrization"/>
  <system-out/>
  <testcase name="QuitTestCase" time="6.543" classname="Test.Parametrization"/>
  <system-out/>
</testsuite> <!-- Test.Parametrization -->
